2014-08-27 09:56:22,546 [http-bio-8080-exec-7] ERROR StackTrace  - Full Stack Trace:
java.io.FileNotFoundException: /home/zhbo/.grails/2.2.1/projects/bzu-kaoqin/tomcat/work/Tomcat/localhost/bzu-kaoqin/grails-resources/js/application.js (没有那个文件或目录)
	at java.io.FileInputStream.open(Native Method)
	at java.io.FileInputStream.<init>(FileInputStream.java:146)
	at org.codehaus.groovy.runtime.ResourceGroovyMethods.newInputStream(ResourceGroovyMethods.java:1811)
	at org.codehaus.groovy.runtime.dgm$795.invoke(Unknown Source)
	at org.codehaus.groovy.runtime.callsite.PojoMetaMethodSite$PojoMetaMethodSiteNoUnwrapNoCoerce.invoke(PojoMetaMethodSite.java:271)
	at org.codehaus.groovy.runtime.callsite.PojoMetaMethodSite.call(PojoMetaMethodSite.java:53)
	at org.codehaus.groovy.runtime.callsite.AbstractCallSite.call(AbstractCallSite.java:112)
	at org.grails.plugin.resource.ResourceMeta.newInputStream(ResourceMeta.groovy:205)
	at org.grails.plugin.resource.ResourceMeta$newInputStream$0.call(Unknown Source)
	at org.grails.plugin.resource.ResourceProcessor.processModernResource(ResourceProcessor.groovy:290)
	at org.grails.plugin.resource.ResourceProcessor$processModernResource$0.call(Unknown Source)
	at org.grails.plugin.resource.ProcessingFilter.doFilter(ProcessingFilter.groovy:39)
	at org.apache.catalina.core.ApplicationFilterChain.internalDoFilter(ApplicationFilterChain.java:243)
	at org.apache.catalina.core.ApplicationFilterChain.doFilter(ApplicationFilterChain.java:210)
	at org.springframework.web.filter.CharacterEncodingFilter.doFilterInternal(CharacterEncodingFilter.java:88)
	at org.springframework.web.filter.OncePerRequestFilter.doFilter(OncePerRequestFilter.java:76)
	at org.springframework.web.filter.DelegatingFilterProxy.invokeDelegate(DelegatingFilterProxy.java:346)
	at org.springframework.web.filter.DelegatingFilterProxy.doFilter(DelegatingFilterProxy.java:259)
	at org.apache.catalina.core.ApplicationFilterChain.internalDoFilter(ApplicationFilterChain.java:243)
	at org.apache.catalina.core.ApplicationFilterChain.doFilter(ApplicationFilterChain.java:210)
	at org.apache.catalina.core.StandardWrapperValve.invoke(StandardWrapperValve.java:222)
	at org.apache.catalina.core.StandardContextValve.invoke(StandardContextValve.java:123)
	at org.apache.catalina.core.StandardHostValve.invoke(StandardHostValve.java:168)
	at org.apache.catalina.valves.ErrorReportValve.invoke(ErrorReportValve.java:99)
	at org.apache.catalina.core.StandardEngineValve.invoke(StandardEngineValve.java:118)
	at org.apache.catalina.connector.CoyoteAdapter.service(CoyoteAdapter.java:407)
	at org.apache.coyote.http11.AbstractHttp11Processor.process(AbstractHttp11Processor.java:1002)
	at org.apache.coyote.AbstractProtocol$AbstractConnectionHandler.process(AbstractProtocol.java:585)
	at org.apache.tomcat.util.net.JIoEndpoint$SocketProcessor.run(JIoEndpoint.java:312)
	at java.util.concurrent.ThreadPoolExecutor.runWorker(ThreadPoolExecutor.java:1145)
	at java.util.concurrent.ThreadPoolExecutor$Worker.run(ThreadPoolExecutor.java:615)
	at java.lang.Thread.run(Thread.java:745)
2014-08-27 09:56:22,548 [http-bio-8080-exec-7] ERROR StackTrace  - Full Stack Trace:
java.io.FileNotFoundException: /home/zhbo/.grails/2.2.1/projects/bzu-kaoqin/tomcat/work/Tomcat/localhost/bzu-kaoqin/grails-resources/js/application.js (没有那个文件或目录)
	at java.io.FileInputStream.<init>(FileInputStream.java:146)
	at org.grails.plugin.resource.ResourceMeta.newInputStream(ResourceMeta.groovy:205)
	at org.grails.plugin.resource.ResourceProcessor.processModernResource(ResourceProcessor.groovy:290)
	at org.grails.plugin.resource.ProcessingFilter.doFilter(ProcessingFilter.groovy:39)
	at java.util.concurrent.ThreadPoolExecutor.runWorker(ThreadPoolExecutor.java:1145)
	at java.util.concurrent.ThreadPoolExecutor$Worker.run(ThreadPoolExecutor.java:615)
	at java.lang.Thread.run(Thread.java:745)
2014-08-27 09:56:22,618 [http-bio-8080-exec-7] ERROR StackTrace  - Full Stack Trace:
java.io.FileNotFoundException: /home/zhbo/.grails/2.2.1/projects/bzu-kaoqin/tomcat/work/Tomcat/localhost/bzu-kaoqin/grails-resources/js/application.js (没有那个文件或目录)
	at java.io.FileInputStream.<init>(FileInputStream.java:146)
	at org.grails.plugin.resource.ResourceMeta.newInputStream(ResourceMeta.groovy:205)
	at org.grails.plugin.resource.ResourceProcessor.processModernResource(ResourceProcessor.groovy:290)
	at org.grails.plugin.resource.ProcessingFilter.doFilter(ProcessingFilter.groovy:39)
	at java.util.concurrent.ThreadPoolExecutor.runWorker(ThreadPoolExecutor.java:1145)
	at java.util.concurrent.ThreadPoolExecutor$Worker.run(ThreadPoolExecutor.java:615)
	at java.lang.Thread.run(Thread.java:745)
2014-08-27 09:56:22,618 [http-bio-8080-exec-7] ERROR StackTrace  - Full Stack Trace:
java.io.FileNotFoundException: /home/zhbo/.grails/2.2.1/projects/bzu-kaoqin/tomcat/work/Tomcat/localhost/bzu-kaoqin/grails-resources/js/application.js (没有那个文件或目录)
	at java.io.FileInputStream.<init>(FileInputStream.java:146)
	at org.grails.plugin.resource.ResourceMeta.newInputStream(ResourceMeta.groovy:205)
	at org.grails.plugin.resource.ResourceProcessor.processModernResource(ResourceProcessor.groovy:290)
	at org.grails.plugin.resource.ProcessingFilter.doFilter(ProcessingFilter.groovy:39)
	at java.util.concurrent.ThreadPoolExecutor.runWorker(ThreadPoolExecutor.java:1145)
	at java.util.concurrent.ThreadPoolExecutor$Worker.run(ThreadPoolExecutor.java:615)
	at java.lang.Thread.run(Thread.java:745)
2014-08-27 09:59:16,222 [http-bio-8080-exec-2] ERROR StackTrace  - Full Stack Trace:
java.io.FileNotFoundException: /home/zhbo/.grails/2.2.1/projects/bzu-kaoqin/tomcat/work/Tomcat/localhost/bzu-kaoqin/grails-resources/js/application.js (没有那个文件或目录)
	at java.io.FileInputStream.open(Native Method)
	at java.io.FileInputStream.<init>(FileInputStream.java:146)
	at org.codehaus.groovy.runtime.ResourceGroovyMethods.newInputStream(ResourceGroovyMethods.java:1811)
	at org.codehaus.groovy.runtime.dgm$795.invoke(Unknown Source)
	at org.codehaus.groovy.runtime.callsite.PojoMetaMethodSite$PojoMetaMethodSiteNoUnwrapNoCoerce.invoke(PojoMetaMethodSite.java:271)
	at org.codehaus.groovy.runtime.callsite.PojoMetaMethodSite.call(PojoMetaMethodSite.java:53)
	at org.codehaus.groovy.runtime.callsite.AbstractCallSite.call(AbstractCallSite.java:112)
	at org.grails.plugin.resource.ResourceMeta.newInputStream(ResourceMeta.groovy:205)
	at org.grails.plugin.resource.ResourceMeta$newInputStream$0.call(Unknown Source)
	at org.grails.plugin.resource.ResourceProcessor.processModernResource(ResourceProcessor.groovy:290)
	at org.grails.plugin.resource.ResourceProcessor$processModernResource$0.call(Unknown Source)
	at org.grails.plugin.resource.ProcessingFilter.doFilter(ProcessingFilter.groovy:39)
	at org.apache.catalina.core.ApplicationFilterChain.internalDoFilter(ApplicationFilterChain.java:243)
	at org.apache.catalina.core.ApplicationFilterChain.doFilter(ApplicationFilterChain.java:210)
	at org.springframework.web.filter.CharacterEncodingFilter.doFilterInternal(CharacterEncodingFilter.java:88)
	at org.springframework.web.filter.OncePerRequestFilter.doFilter(OncePerRequestFilter.java:76)
	at org.springframework.web.filter.DelegatingFilterProxy.invokeDelegate(DelegatingFilterProxy.java:346)
	at org.springframework.web.filter.DelegatingFilterProxy.doFilter(DelegatingFilterProxy.java:259)
	at org.apache.catalina.core.ApplicationFilterChain.internalDoFilter(ApplicationFilterChain.java:243)
	at org.apache.catalina.core.ApplicationFilterChain.doFilter(ApplicationFilterChain.java:210)
	at org.apache.catalina.core.StandardWrapperValve.invoke(StandardWrapperValve.java:222)
	at org.apache.catalina.core.StandardContextValve.invoke(StandardContextValve.java:123)
	at org.apache.catalina.core.StandardHostValve.invoke(StandardHostValve.java:168)
	at org.apache.catalina.valves.ErrorReportValve.invoke(ErrorReportValve.java:99)
	at org.apache.catalina.core.StandardEngineValve.invoke(StandardEngineValve.java:118)
	at org.apache.catalina.connector.CoyoteAdapter.service(CoyoteAdapter.java:407)
	at org.apache.coyote.http11.AbstractHttp11Processor.process(AbstractHttp11Processor.java:1002)
	at org.apache.coyote.AbstractProtocol$AbstractConnectionHandler.process(AbstractProtocol.java:585)
	at org.apache.tomcat.util.net.JIoEndpoint$SocketProcessor.run(JIoEndpoint.java:312)
	at java.util.concurrent.ThreadPoolExecutor.runWorker(ThreadPoolExecutor.java:1145)
	at java.util.concurrent.ThreadPoolExecutor$Worker.run(ThreadPoolExecutor.java:615)
	at java.lang.Thread.run(Thread.java:745)
2014-08-27 09:59:16,222 [http-bio-8080-exec-2] ERROR StackTrace  - Full Stack Trace:
java.io.FileNotFoundException: /home/zhbo/.grails/2.2.1/projects/bzu-kaoqin/tomcat/work/Tomcat/localhost/bzu-kaoqin/grails-resources/js/application.js (没有那个文件或目录)
	at java.io.FileInputStream.<init>(FileInputStream.java:146)
	at org.grails.plugin.resource.ResourceMeta.newInputStream(ResourceMeta.groovy:205)
	at org.grails.plugin.resource.ResourceProcessor.processModernResource(ResourceProcessor.groovy:290)
	at org.grails.plugin.resource.ProcessingFilter.doFilter(ProcessingFilter.groovy:39)
	at java.util.concurrent.ThreadPoolExecutor.runWorker(ThreadPoolExecutor.java:1145)
	at java.util.concurrent.ThreadPoolExecutor$Worker.run(ThreadPoolExecutor.java:615)
	at java.lang.Thread.run(Thread.java:745)
2014-08-27 09:59:16,254 [http-bio-8080-exec-2] ERROR StackTrace  - Full Stack Trace:
java.io.FileNotFoundException: /home/zhbo/.grails/2.2.1/projects/bzu-kaoqin/tomcat/work/Tomcat/localhost/bzu-kaoqin/grails-resources/js/application.js (没有那个文件或目录)
	at java.io.FileInputStream.<init>(FileInputStream.java:146)
	at org.grails.plugin.resource.ResourceMeta.newInputStream(ResourceMeta.groovy:205)
	at org.grails.plugin.resource.ResourceProcessor.processModernResource(ResourceProcessor.groovy:290)
	at org.grails.plugin.resource.ProcessingFilter.doFilter(ProcessingFilter.groovy:39)
	at java.util.concurrent.ThreadPoolExecutor.runWorker(ThreadPoolExecutor.java:1145)
	at java.util.concurrent.ThreadPoolExecutor$Worker.run(ThreadPoolExecutor.java:615)
	at java.lang.Thread.run(Thread.java:745)
2014-08-27 09:59:16,254 [http-bio-8080-exec-2] ERROR StackTrace  - Full Stack Trace:
java.io.FileNotFoundException: /home/zhbo/.grails/2.2.1/projects/bzu-kaoqin/tomcat/work/Tomcat/localhost/bzu-kaoqin/grails-resources/js/application.js (没有那个文件或目录)
	at java.io.FileInputStream.<init>(FileInputStream.java:146)
	at org.grails.plugin.resource.ResourceMeta.newInputStream(ResourceMeta.groovy:205)
	at org.grails.plugin.resource.ResourceProcessor.processModernResource(ResourceProcessor.groovy:290)
	at org.grails.plugin.resource.ProcessingFilter.doFilter(ProcessingFilter.groovy:39)
	at java.util.concurrent.ThreadPoolExecutor.runWorker(ThreadPoolExecutor.java:1145)
	at java.util.concurrent.ThreadPoolExecutor$Worker.run(ThreadPoolExecutor.java:615)
	at java.lang.Thread.run(Thread.java:745)
